<?xml version="1.0" encoding="UTF-8"?>
<!-- Generated by org.testng.reporters.JUnitReportReporter -->
<testsuite hostname="Kumar-Vijayakumar.local" failures="0" tests="1" name="com.atg.runner.TestRunner" time="7.253" errors="0" timestamp="16 Jun 2021 07:54:21 GMT" skipped="0">
  <testcase classname="com.atg.runner.TestRunner" name="feature" time="7.253"/>
</testsuite> <!-- com.atg.runner.TestRunner -->
